y:\my documents\mcomp computer games development\object oriented programming with data structures and algorithms\cs4d768 tutorial 5-student_ooblob\debug\vc140.pdb
y:\my documents\mcomp computer games development\object oriented programming with data structures and algorithms\cs4d768 tutorial 5-student_ooblob\debug\vc140.idb
y:\my documents\mcomp computer games development\object oriented programming with data structures and algorithms\cs4d768 tutorial 5-student_ooblob\debug\app.obj
y:\my documents\mcomp computer games development\object oriented programming with data structures and algorithms\cs4d768 tutorial 5-student_ooblob\debug\blobdemo.obj
y:\my documents\mcomp computer games development\object oriented programming with data structures and algorithms\cs4d768 tutorial 5-student_ooblob\debug\main.obj
y:\my documents\mcomp computer games development\object oriented programming with data structures and algorithms\cs4d768 tutorial 5-student_ooblob\debug\particle.obj
y:\my documents\mcomp computer games development\object oriented programming with data structures and algorithms\cs4d768 tutorial 5-student_ooblob\debug\particlecollision.obj
y:\my documents\mcomp computer games development\object oriented programming with data structures and algorithms\cs4d768 tutorial 5-student_ooblob\debug\pcontacts.obj
y:\my documents\mcomp computer games development\object oriented programming with data structures and algorithms\cs4d768 tutorial 5-student_ooblob\debug\pworld.obj
y:\my documents\mcomp computer games development\object oriented programming with data structures and algorithms\cs4d768 tutorial 5-student_ooblob\debug\quadtree.obj
y:\my documents\mcomp computer games development\object oriented programming with data structures and algorithms\cs4d768 tutorial 5-student_ooblob\debug\sphere.ilk
y:\my documents\mcomp computer games development\object oriented programming with data structures and algorithms\cs4d768 tutorial 5-student_ooblob\debug\sphere.exe
y:\my documents\mcomp computer games development\object oriented programming with data structures and algorithms\cs4d768 tutorial 5-student_ooblob\debug\sphere.pdb
y:\my documents\mcomp computer games development\object oriented programming with data structures and algorithms\cs4d768 tutorial 5-student_ooblob\debug\blobdemo.new.obj.enc
y:\my documents\mcomp computer games development\object oriented programming with data structures and algorithms\cs4d768 tutorial 5-student_ooblob\debug\..\debug\sphere.pdb
y:\my documents\mcomp computer games development\object oriented programming with data structures and algorithms\cs4d768 tutorial 5-student_ooblob\sphere\..\debug\sphere.exe
y:\my documents\mcomp computer games development\object oriented programming with data structures and algorithms\cs4d768 tutorial 5-student_ooblob\debug\..\debug\sphere.ilk
y:\my documents\mcomp computer games development\object oriented programming with data structures and algorithms\cs4d768 tutorial 5-student_ooblob\debug\sphere.tlog\cl.command.1.tlog
y:\my documents\mcomp computer games development\object oriented programming with data structures and algorithms\cs4d768 tutorial 5-student_ooblob\debug\sphere.tlog\cl.read.1.tlog
y:\my documents\mcomp computer games development\object oriented programming with data structures and algorithms\cs4d768 tutorial 5-student_ooblob\debug\sphere.tlog\cl.write.1.tlog
y:\my documents\mcomp computer games development\object oriented programming with data structures and algorithms\cs4d768 tutorial 5-student_ooblob\debug\sphere.tlog\link.command.1.tlog
y:\my documents\mcomp computer games development\object oriented programming with data structures and algorithms\cs4d768 tutorial 5-student_ooblob\debug\sphere.tlog\link.read.1.tlog
y:\my documents\mcomp computer games development\object oriented programming with data structures and algorithms\cs4d768 tutorial 5-student_ooblob\debug\sphere.tlog\link.write.1.tlog
